0 info it worked if it ends with ok
1 verbose cli [ 'C:\\Program Files\\nodejs\\node.exe',
1 verbose cli   'C:\\Program Files\\nodejs\\node_modules\\npm\\bin\\npm-cli.js',
1 verbose cli   'publish',
1 verbose cli   'wangqz' ]
2 info using npm@3.10.9
3 info using node@v6.9.2
4 verbose publish [ 'wangqz' ]
5 silly cache add args [ 'wangqz', null ]
6 verbose cache add spec wangqz
7 silly cache add parsed spec Result {
7 silly cache add   raw: 'wangqz',
7 silly cache add   scope: null,
7 silly cache add   escapedName: 'wangqz',
7 silly cache add   name: 'wangqz',
7 silly cache add   rawSpec: '',
7 silly cache add   spec: 'latest',
7 silly cache add   type: 'tag' }
8 silly addNamed wangqz@latest
9 verbose addNamed "latest" is being treated as a dist-tag for wangqz
10 info addNameTag [ 'wangqz', 'latest' ]
11 silly mapToRegistry name wangqz
12 silly mapToRegistry using default registry
13 silly mapToRegistry registry http://registry.npmjs.org/
14 silly mapToRegistry data Result {
14 silly mapToRegistry   raw: 'wangqz',
14 silly mapToRegistry   scope: null,
14 silly mapToRegistry   escapedName: 'wangqz',
14 silly mapToRegistry   name: 'wangqz',
14 silly mapToRegistry   rawSpec: '',
14 silly mapToRegistry   spec: 'latest',
14 silly mapToRegistry   type: 'tag' }
15 silly mapToRegistry uri http://registry.npmjs.org/wangqz
16 verbose addNameTag registry:http://registry.npmjs.org/wangqz not in flight; fetching
17 verbose request uri http://registry.npmjs.org/wangqz
18 verbose request no auth needed
19 info attempt registry request try #1 at 17:55:01
20 verbose request using bearer token for auth
21 verbose request id bd60e33e7a60cf48
22 http request GET http://registry.npmjs.org/wangqz
23 http 404 http://registry.npmjs.org/wangqz
24 verbose headers { 'content-type': 'application/json',
24 verbose headers   'cache-control': 'max-age=0',
24 verbose headers   'content-length': '2',
24 verbose headers   'accept-ranges': 'bytes',
24 verbose headers   date: 'Fri, 07 Jul 2017 09:55:09 GMT',
24 verbose headers   via: '1.1 varnish',
24 verbose headers   connection: 'keep-alive',
24 verbose headers   'x-served-by': 'cache-nrt6131-NRT',
24 verbose headers   'x-cache': 'MISS',
24 verbose headers   'x-cache-hits': '0',
24 verbose headers   'x-timer': 'S1499421309.993800,VS0,VE855',
24 verbose headers   vary: 'Accept-Encoding' }
25 silly get cb [ 404,
25 silly get   { 'content-type': 'application/json',
25 silly get     'cache-control': 'max-age=0',
25 silly get     'content-length': '2',
25 silly get     'accept-ranges': 'bytes',
25 silly get     date: 'Fri, 07 Jul 2017 09:55:09 GMT',
25 silly get     via: '1.1 varnish',
25 silly get     connection: 'keep-alive',
25 silly get     'x-served-by': 'cache-nrt6131-NRT',
25 silly get     'x-cache': 'MISS',
25 silly get     'x-cache-hits': '0',
25 silly get     'x-timer': 'S1499421309.993800,VS0,VE855',
25 silly get     vary: 'Accept-Encoding' } ]
26 verbose stack Error: Registry returned 404 for GET on http://registry.npmjs.org/wangqz
26 verbose stack     at makeError (C:\Users\Administrator\AppData\Roaming\nvm\v6.9.2\node_modules\npm\node_modules\npm-registry-client\lib\request.js:302:12)
26 verbose stack     at CachingRegistryClient.<anonymous> (C:\Users\Administrator\AppData\Roaming\nvm\v6.9.2\node_modules\npm\node_modules\npm-registry-client\lib\request.js:280:14)
26 verbose stack     at Request._callback (C:\Users\Administrator\AppData\Roaming\nvm\v6.9.2\node_modules\npm\node_modules\npm-registry-client\lib\request.js:210:14)
26 verbose stack     at Request.self.callback (C:\Users\Administrator\AppData\Roaming\nvm\v6.9.2\node_modules\npm\node_modules\request\request.js:187:22)
26 verbose stack     at emitTwo (events.js:106:13)
26 verbose stack     at Request.emit (events.js:191:7)
26 verbose stack     at Request.<anonymous> (C:\Users\Administrator\AppData\Roaming\nvm\v6.9.2\node_modules\npm\node_modules\request\request.js:1048:10)
26 verbose stack     at emitOne (events.js:96:13)
26 verbose stack     at Request.emit (events.js:188:7)
26 verbose stack     at IncomingMessage.<anonymous> (C:\Users\Administrator\AppData\Roaming\nvm\v6.9.2\node_modules\npm\node_modules\request\request.js:969:12)
27 verbose statusCode 404
28 verbose pkgid wangqz
29 verbose cwd E:\2017\wangqz-npm-test
30 error Windows_NT 6.1.7601
31 error argv "C:\\Program Files\\nodejs\\node.exe" "C:\\Program Files\\nodejs\\node_modules\\npm\\bin\\npm-cli.js" "publish" "wangqz"
32 error node v6.9.2
33 error npm  v3.10.9
34 error code E404
35 error 404 Registry returned 404 for GET on http://registry.npmjs.org/wangqz
36 error 404
37 error 404 'wangqz' is not in the npm registry.
38 error 404 You should bug the author to publish it (or use the name yourself!)
39 error 404 Note that you can also install from a
40 error 404 tarball, folder, http url, or git url.
41 verbose exit [ 1, true ]
